<?xml version="1.0" encoding="UTF-8"?>
<!-- Generated by org.testng.reporters.JUnitReportReporter -->
<testsuite hostname="DABBUSINGH" failures="0" tests="1" name="Test.firstClass" time="3.984" errors="0" timestamp="2024-11-28T09:51:18 IST" skipped="0">
  <testcase classname="Test.firstClass" name="testPass" time="3.984"/>
  <system-out/>
</testsuite> <!-- Test.firstClass -->
