<?xml version="1.0" encoding="UTF-8"?>
<!-- Generated by org.testng.reporters.JUnitReportReporter -->
<testsuite hostname="DABBUSINGH" failures="0" tests="2" name="UI.APIUtility" time="0.012" errors="0" timestamp="2024-11-26T23:59:46 IST" skipped="0">
  <testcase classname="UI.APIUtility" name="m1" time="0.010"/>
  <system-out/>
  <testcase classname="UI.APIUtility" name="m2" time="0.002"/>
  <system-out/>
</testsuite> <!-- UI.APIUtility -->
